2018-11-02 10:45:54,838 DEBUG (BaseJdbcLogger.java:159)- ==>  Preparing: select count(0) from t_menu WHERE p_id = ? 
2018-11-02 10:45:54,842 DEBUG (BaseJdbcLogger.java:159)- ==> Parameters: 60(Integer)
2018-11-02 10:45:54,844 DEBUG (BaseJdbcLogger.java:159)- <==      Total: 1
2018-11-02 10:45:54,845 DEBUG (BaseJdbcLogger.java:159)- ==>  Preparing: select tm.id, tm.icon, tm.name, tm.state, tm.url, tm.p_id pId from t_user_role tur inner join t_role_menu trm on tur.role_id = trm.role_id inner join t_menu tm on trm.menu_id = tm.id WHERE tur.account = ? AND tm.p_id = ? 
2018-11-02 10:45:54,846 DEBUG (BaseJdbcLogger.java:159)- ==> Parameters: admin(String), 60(Integer)
2018-11-02 10:45:54,849 DEBUG (BaseJdbcLogger.java:159)- <==      Total: 6
2018-11-02 10:45:54,851 DEBUG (BaseJdbcLogger.java:159)- ==>  Preparing: select count(0) from t_menu WHERE p_id = ? 
2018-11-02 10:45:54,852 DEBUG (BaseJdbcLogger.java:159)- ==> Parameters: 6000(Integer)
2018-11-02 10:45:54,853 DEBUG (BaseJdbcLogger.java:159)- <==      Total: 1
2018-11-02 10:45:54,854 DEBUG (BaseJdbcLogger.java:159)- ==>  Preparing: select count(0) from t_menu WHERE p_id = ? 
2018-11-02 10:45:54,855 DEBUG (BaseJdbcLogger.java:159)- ==> Parameters: 6010(Integer)
2018-11-02 10:45:54,857 DEBUG (BaseJdbcLogger.java:159)- <==      Total: 1
2018-11-02 10:45:54,858 DEBUG (BaseJdbcLogger.java:159)- ==>  Preparing: select count(0) from t_menu WHERE p_id = ? 
2018-11-02 10:45:54,859 DEBUG (BaseJdbcLogger.java:159)- ==> Parameters: 6020(Integer)
2018-11-02 10:45:54,861 DEBUG (BaseJdbcLogger.java:159)- <==      Total: 1
2018-11-02 10:45:54,862 DEBUG (BaseJdbcLogger.java:159)- ==>  Preparing: select count(0) from t_menu WHERE p_id = ? 
2018-11-02 10:45:54,862 DEBUG (BaseJdbcLogger.java:159)- ==> Parameters: 6030(Integer)
2018-11-02 10:45:54,863 DEBUG (BaseJdbcLogger.java:159)- <==      Total: 1
2018-11-02 10:45:54,865 DEBUG (BaseJdbcLogger.java:159)- ==>  Preparing: select count(0) from t_menu WHERE p_id = ? 
2018-11-02 10:45:54,865 DEBUG (BaseJdbcLogger.java:159)- ==> Parameters: 6040(Integer)
2018-11-02 10:45:54,867 DEBUG (BaseJdbcLogger.java:159)- <==      Total: 1
2018-11-02 10:45:54,867 DEBUG (BaseJdbcLogger.java:159)- ==>  Preparing: select count(0) from t_menu WHERE p_id = ? 
2018-11-02 10:45:54,868 DEBUG (BaseJdbcLogger.java:159)- ==> Parameters: 6050(Integer)
2018-11-02 10:45:54,869 DEBUG (BaseJdbcLogger.java:159)- <==      Total: 1
2018-11-02 10:45:54,870 DEBUG (BaseJdbcLogger.java:159)- ==>  Preparing: select count(0) from t_menu WHERE p_id = ? 
2018-11-02 10:45:54,870 DEBUG (BaseJdbcLogger.java:159)- ==> Parameters: 61(Integer)
2018-11-02 10:45:54,871 DEBUG (BaseJdbcLogger.java:159)- <==      Total: 1
2018-11-02 10:45:54,872 DEBUG (BaseJdbcLogger.java:159)- ==>  Preparing: select tm.id, tm.icon, tm.name, tm.state, tm.url, tm.p_id pId from t_user_role tur inner join t_role_menu trm on tur.role_id = trm.role_id inner join t_menu tm on trm.menu_id = tm.id WHERE tur.account = ? AND tm.p_id = ? 
2018-11-02 10:45:54,873 DEBUG (BaseJdbcLogger.java:159)- ==> Parameters: admin(String), 61(Integer)
2018-11-02 10:45:54,876 DEBUG (BaseJdbcLogger.java:159)- <==      Total: 1
2018-11-02 10:45:54,877 DEBUG (BaseJdbcLogger.java:159)- ==>  Preparing: select count(0) from t_menu WHERE p_id = ? 
2018-11-02 10:45:54,878 DEBUG (BaseJdbcLogger.java:159)- ==> Parameters: 6100(Integer)
