2018-11-02 10:44:35,180 DEBUG (BaseJdbcLogger.java:159)- ==> Parameters: admin(String)
2018-11-02 10:44:35,192 DEBUG (BaseJdbcLogger.java:159)- <==      Total: 11
2018-11-02 10:44:35,194 DEBUG (BaseJdbcLogger.java:159)- ==>  Preparing: select id, icon, name, state, url, p_id from t_menu WHERE p_id = 1 
2018-11-02 10:44:35,197 DEBUG (BaseJdbcLogger.java:159)- ==> Parameters: 
2018-11-02 10:44:35,199 DEBUG (BaseJdbcLogger.java:159)- <==      Total: 3
2018-11-02 10:44:35,581 DEBUG (BaseJdbcLogger.java:159)- ==>  Preparing: select id, icon, name, state, url, p_id from t_menu WHERE p_id = 1 
2018-11-02 10:44:35,582 DEBUG (BaseJdbcLogger.java:159)- ==> Parameters: 
2018-11-02 10:44:35,588 DEBUG (BaseJdbcLogger.java:159)- <==      Total: 3
2018-11-02 10:44:35,593 DEBUG (BaseJdbcLogger.java:159)- ==>  Preparing: select tm.id, tm.icon, tm.name, tm.state, tm.url, tm.p_id pId from t_user_role tur inner join t_role_menu trm on tur.role_id = trm.role_id inner join t_menu tm on trm.menu_id = tm.id WHERE tur.account = ? AND tm.p_id = ? 
2018-11-02 10:44:35,599 DEBUG (BaseJdbcLogger.java:159)- ==> Parameters: admin(String), 1(Integer)
2018-11-02 10:44:35,603 DEBUG (BaseJdbcLogger.java:159)- <==      Total: 3
2018-11-02 10:44:35,607 DEBUG (BaseJdbcLogger.java:159)- ==>  Preparing: select count(0) from t_menu WHERE p_id = ? 
2018-11-02 10:44:35,609 DEBUG (BaseJdbcLogger.java:159)- ==> Parameters: 10(Integer)
2018-11-02 10:44:35,611 DEBUG (BaseJdbcLogger.java:159)- <==      Total: 1
2018-11-02 10:44:35,613 DEBUG (BaseJdbcLogger.java:159)- ==>  Preparing: select tm.id, tm.icon, tm.name, tm.state, tm.url, tm.p_id pId from t_user_role tur inner join t_role_menu trm on tur.role_id = trm.role_id inner join t_menu tm on trm.menu_id = tm.id WHERE tur.account = ? AND tm.p_id = ? 
2018-11-02 10:44:35,615 DEBUG (BaseJdbcLogger.java:159)- ==> Parameters: admin(String), 10(Integer)
2018-11-02 10:44:35,622 DEBUG (BaseJdbcLogger.java:159)- <==      Total: 1
2018-11-02 10:44:35,623 DEBUG (BaseJdbcLogger.java:159)- ==>  Preparing: select count(0) from t_menu WHERE p_id = ? 
2018-11-02 10:44:35,625 DEBUG (BaseJdbcLogger.java:159)- ==> Parameters: 1000(Integer)
2018-11-02 10:44:35,626 DEBUG (BaseJdbcLogger.java:159)- <==      Total: 1
